CRITICAL - 2021-12-05 22:01:35 --> Undefined variable: alas
#0 C:\xampp\htdocs\project1\app\Views\kalkulator.php(25): CodeIgniter\Debug\Exceptions->errorHandler(8, 'Undefined varia...', 'C:\\xampp\\htdocs...', 25, Array)
#1 C:\xampp\htdocs\project1\system\View\View.php(214): include('C:\\xampp\\htdocs...')
#2 C:\xampp\htdocs\project1\system\View\View.php(217): CodeIgniter\View\View->CodeIgniter\View\{closure}()
#3 C:\xampp\htdocs\project1\system\Common.php(1097): CodeIgniter\View\View->render('kalkulator', Array, true)
#4 C:\xampp\htdocs\project1\app\Controllers\Web.php(27): view('kalkulator', Array)
#5 C:\xampp\htdocs\project1\system\CodeIgniter.php(824): App\Controllers\web->hitung()
#6 C:\xampp\htdocs\project1\system\CodeIgniter.php(410): CodeIgniter\CodeIgniter->runController(Object(App\Controllers\web))
#7 C:\xampp\htdocs\project1\system\CodeIgniter.php(318): CodeIgniter\CodeIgniter->handleRequest(NULL, Object(Config\Cache), false)
#8 C:\xampp\htdocs\project1\public\index.php(37): CodeIgniter\CodeIgniter->run()
#9 C:\xampp\htdocs\project1\system\Commands\Server\rewrite.php(43): require_once('C:\\xampp\\htdocs...')
#10 {main}
CRITICAL - 2021-12-05 22:02:17 --> Undefined variable: alas
#0 C:\xampp\htdocs\project1\app\Views\kalkulator.php(25): CodeIgniter\Debug\Exceptions->errorHandler(8, 'Undefined varia...', 'C:\\xampp\\htdocs...', 25, Array)
#1 C:\xampp\htdocs\project1\system\View\View.php(214): include('C:\\xampp\\htdocs...')
#2 C:\xampp\htdocs\project1\system\View\View.php(217): CodeIgniter\View\View->CodeIgniter\View\{closure}()
#3 C:\xampp\htdocs\project1\system\Common.php(1097): CodeIgniter\View\View->render('kalkulator', Array, true)
#4 C:\xampp\htdocs\project1\app\Controllers\Web.php(27): view('kalkulator', Array)
#5 C:\xampp\htdocs\project1\system\CodeIgniter.php(824): App\Controllers\web->hitung()
#6 C:\xampp\htdocs\project1\system\CodeIgniter.php(410): CodeIgniter\CodeIgniter->runController(Object(App\Controllers\web))
#7 C:\xampp\htdocs\project1\system\CodeIgniter.php(318): CodeIgniter\CodeIgniter->handleRequest(NULL, Object(Config\Cache), false)
#8 C:\xampp\htdocs\project1\public\index.php(37): CodeIgniter\CodeIgniter->run()
#9 C:\xampp\htdocs\project1\system\Commands\Server\rewrite.php(43): require_once('C:\\xampp\\htdocs...')
#10 {main}
CRITICAL - 2021-12-05 22:02:48 --> Undefined variable: alas
#0 C:\xampp\htdocs\project1\app\Views\kalkulator.php(25): CodeIgniter\Debug\Exceptions->errorHandler(8, 'Undefined varia...', 'C:\\xampp\\htdocs...', 25, Array)
#1 C:\xampp\htdocs\project1\system\View\View.php(214): include('C:\\xampp\\htdocs...')
#2 C:\xampp\htdocs\project1\system\View\View.php(217): CodeIgniter\View\View->CodeIgniter\View\{closure}()
#3 C:\xampp\htdocs\project1\system\Common.php(1097): CodeIgniter\View\View->render('kalkulator', Array, true)
#4 C:\xampp\htdocs\project1\app\Controllers\Web.php(27): view('kalkulator', Array)
#5 C:\xampp\htdocs\project1\system\CodeIgniter.php(824): App\Controllers\Web->hitung()
#6 C:\xampp\htdocs\project1\system\CodeIgniter.php(410): CodeIgniter\CodeIgniter->runController(Object(App\Controllers\Web))
#7 C:\xampp\htdocs\project1\system\CodeIgniter.php(318): CodeIgniter\CodeIgniter->handleRequest(NULL, Object(Config\Cache), false)
#8 C:\xampp\htdocs\project1\public\index.php(37): CodeIgniter\CodeIgniter->run()
#9 C:\xampp\htdocs\project1\system\Commands\Server\rewrite.php(43): require_once('C:\\xampp\\htdocs...')
#10 {main}
CRITICAL - 2021-12-05 22:02:58 --> Undefined variable: alas
#0 C:\xampp\htdocs\project1\app\Views\kalkulator.php(25): CodeIgniter\Debug\Exceptions->errorHandler(8, 'Undefined varia...', 'C:\\xampp\\htdocs...', 25, Array)
#1 C:\xampp\htdocs\project1\system\View\View.php(214): include('C:\\xampp\\htdocs...')
#2 C:\xampp\htdocs\project1\system\View\View.php(217): CodeIgniter\View\View->CodeIgniter\View\{closure}()
#3 C:\xampp\htdocs\project1\system\Common.php(1097): CodeIgniter\View\View->render('kalkulator', Array, true)
#4 C:\xampp\htdocs\project1\app\Controllers\Web.php(27): view('kalkulator', Array)
#5 C:\xampp\htdocs\project1\system\CodeIgniter.php(824): App\Controllers\Web->hitung()
#6 C:\xampp\htdocs\project1\system\CodeIgniter.php(410): CodeIgniter\CodeIgniter->runController(Object(App\Controllers\Web))
#7 C:\xampp\htdocs\project1\system\CodeIgniter.php(318): CodeIgniter\CodeIgniter->handleRequest(NULL, Object(Config\Cache), false)
#8 C:\xampp\htdocs\project1\public\index.php(37): CodeIgniter\CodeIgniter->run()
#9 C:\xampp\htdocs\project1\system\Commands\Server\rewrite.php(43): require_once('C:\\xampp\\htdocs...')
#10 {main}
CRITICAL - 2021-12-05 22:03:52 --> Undefined variable: alas
#0 C:\xampp\htdocs\project1\app\Views\kalkulator.php(25): CodeIgniter\Debug\Exceptions->errorHandler(8, 'Undefined varia...', 'C:\\xampp\\htdocs...', 25, Array)
#1 C:\xampp\htdocs\project1\system\View\View.php(214): include('C:\\xampp\\htdocs...')
#2 C:\xampp\htdocs\project1\system\View\View.php(217): CodeIgniter\View\View->CodeIgniter\View\{closure}()
#3 C:\xampp\htdocs\project1\system\Common.php(1097): CodeIgniter\View\View->render('kalkulator', Array, true)
#4 C:\xampp\htdocs\project1\app\Controllers\Web.php(27): view('kalkulator', Array)
#5 C:\xampp\htdocs\project1\system\CodeIgniter.php(824): App\Controllers\Web->hitung()
#6 C:\xampp\htdocs\project1\system\CodeIgniter.php(410): CodeIgniter\CodeIgniter->runController(Object(App\Controllers\Web))
#7 C:\xampp\htdocs\project1\system\CodeIgniter.php(318): CodeIgniter\CodeIgniter->handleRequest(NULL, Object(Config\Cache), false)
#8 C:\xampp\htdocs\project1\public\index.php(37): CodeIgniter\CodeIgniter->run()
#9 C:\xampp\htdocs\project1\system\Commands\Server\rewrite.php(43): require_once('C:\\xampp\\htdocs...')
#10 {main}
CRITICAL - 2021-12-05 22:16:49 --> syntax error, unexpected 'helper' (T_STRING), expecting function (T_FUNCTION) or const (T_CONST)
#0 C:\xampp\htdocs\project1\system\Router\Router.php(176): CodeIgniter\Router\Router->autoRoute('Dashboard')
#1 C:\xampp\htdocs\project1\system\CodeIgniter.php(718): CodeIgniter\Router\Router->handle('Dashboard')
#2 C:\xampp\htdocs\project1\system\CodeIgniter.php(359): CodeIgniter\CodeIgniter->tryToRouteIt(Object(CodeIgniter\Router\RouteCollection))
#3 C:\xampp\htdocs\project1\system\CodeIgniter.php(318): CodeIgniter\CodeIgniter->handleRequest(NULL, Object(Config\Cache), false)
#4 C:\xampp\htdocs\project1\public\index.php(37): CodeIgniter\CodeIgniter->run()
#5 C:\xampp\htdocs\project1\system\Commands\Server\rewrite.php(43): require_once('C:\\xampp\\htdocs...')
#6 {main}
CRITICAL - 2021-12-05 22:32:25 --> syntax error, unexpected 'helper' (T_STRING), expecting function (T_FUNCTION) or const (T_CONST)
#0 C:\xampp\htdocs\project1\system\Router\Router.php(176): CodeIgniter\Router\Router->autoRoute('dashboard')
#1 C:\xampp\htdocs\project1\system\CodeIgniter.php(718): CodeIgniter\Router\Router->handle('dashboard')
#2 C:\xampp\htdocs\project1\system\CodeIgniter.php(359): CodeIgniter\CodeIgniter->tryToRouteIt(Object(CodeIgniter\Router\RouteCollection))
#3 C:\xampp\htdocs\project1\system\CodeIgniter.php(318): CodeIgniter\CodeIgniter->handleRequest(NULL, Object(Config\Cache), false)
#4 C:\xampp\htdocs\project1\public\index.php(37): CodeIgniter\CodeIgniter->run()
#5 C:\xampp\htdocs\project1\system\Commands\Server\rewrite.php(43): require_once('C:\\xampp\\htdocs...')
#6 {main}
CRITICAL - 2021-12-05 22:34:42 --> syntax error, unexpected 'index' (T_STRING), expecting '('
#0 C:\xampp\htdocs\project1\system\Router\Router.php(176): CodeIgniter\Router\Router->autoRoute('dashboard')
#1 C:\xampp\htdocs\project1\system\CodeIgniter.php(718): CodeIgniter\Router\Router->handle('dashboard')
#2 C:\xampp\htdocs\project1\system\CodeIgniter.php(359): CodeIgniter\CodeIgniter->tryToRouteIt(Object(CodeIgniter\Router\RouteCollection))
#3 C:\xampp\htdocs\project1\system\CodeIgniter.php(318): CodeIgniter\CodeIgniter->handleRequest(NULL, Object(Config\Cache), false)
#4 C:\xampp\htdocs\project1\public\index.php(37): CodeIgniter\CodeIgniter->run()
#5 C:\xampp\htdocs\project1\system\Commands\Server\rewrite.php(43): require_once('C:\\xampp\\htdocs...')
#6 {main}
CRITICAL - 2021-12-05 22:35:06 --> syntax error, unexpected '}', expecting ';'
#0 C:\xampp\htdocs\project1\system\Router\Router.php(176): CodeIgniter\Router\Router->autoRoute('dashboard')
#1 C:\xampp\htdocs\project1\system\CodeIgniter.php(718): CodeIgniter\Router\Router->handle('dashboard')
#2 C:\xampp\htdocs\project1\system\CodeIgniter.php(359): CodeIgniter\CodeIgniter->tryToRouteIt(Object(CodeIgniter\Router\RouteCollection))
#3 C:\xampp\htdocs\project1\system\CodeIgniter.php(318): CodeIgniter\CodeIgniter->handleRequest(NULL, Object(Config\Cache), false)
#4 C:\xampp\htdocs\project1\public\index.php(37): CodeIgniter\CodeIgniter->run()
#5 C:\xampp\htdocs\project1\system\Commands\Server\rewrite.php(43): require_once('C:\\xampp\\htdocs...')
#6 {main}
CRITICAL - 2021-12-05 22:36:30 --> Undefined variable: alas
#0 C:\xampp\htdocs\project1\app\Views\kalkulator.php(25): CodeIgniter\Debug\Exceptions->errorHandler(8, 'Undefined varia...', 'C:\\xampp\\htdocs...', 25, Array)
#1 C:\xampp\htdocs\project1\system\View\View.php(214): include('C:\\xampp\\htdocs...')
#2 C:\xampp\htdocs\project1\system\View\View.php(217): CodeIgniter\View\View->CodeIgniter\View\{closure}()
#3 C:\xampp\htdocs\project1\system\Common.php(1097): CodeIgniter\View\View->render('kalkulator', Array, true)
#4 C:\xampp\htdocs\project1\app\Controllers\Web.php(27): view('kalkulator', Array)
#5 C:\xampp\htdocs\project1\system\CodeIgniter.php(824): App\Controllers\Web->hitung()
#6 C:\xampp\htdocs\project1\system\CodeIgniter.php(410): CodeIgniter\CodeIgniter->runController(Object(App\Controllers\Web))
#7 C:\xampp\htdocs\project1\system\CodeIgniter.php(318): CodeIgniter\CodeIgniter->handleRequest(NULL, Object(Config\Cache), false)
#8 C:\xampp\htdocs\project1\public\index.php(37): CodeIgniter\CodeIgniter->run()
#9 C:\xampp\htdocs\project1\system\Commands\Server\rewrite.php(43): require_once('C:\\xampp\\htdocs...')
#10 {main}
CRITICAL - 2021-12-05 23:02:32 --> Undefined variable: alas
#0 C:\xampp\htdocs\project1\app\Views\kalkulator.php(25): CodeIgniter\Debug\Exceptions->errorHandler(8, 'Undefined varia...', 'C:\\xampp\\htdocs...', 25, Array)
#1 C:\xampp\htdocs\project1\system\View\View.php(214): include('C:\\xampp\\htdocs...')
#2 C:\xampp\htdocs\project1\system\View\View.php(217): CodeIgniter\View\View->CodeIgniter\View\{closure}()
#3 C:\xampp\htdocs\project1\system\Common.php(1097): CodeIgniter\View\View->render('kalkulator', Array, true)
#4 C:\xampp\htdocs\project1\app\Controllers\Web.php(27): view('kalkulator', Array)
#5 C:\xampp\htdocs\project1\system\CodeIgniter.php(824): App\Controllers\Web->hitung()
#6 C:\xampp\htdocs\project1\system\CodeIgniter.php(410): CodeIgniter\CodeIgniter->runController(Object(App\Controllers\Web))
#7 C:\xampp\htdocs\project1\system\CodeIgniter.php(318): CodeIgniter\CodeIgniter->handleRequest(NULL, Object(Config\Cache), false)
#8 C:\xampp\htdocs\project1\public\index.php(37): CodeIgniter\CodeIgniter->run()
#9 C:\xampp\htdocs\project1\system\Commands\Server\rewrite.php(43): require_once('C:\\xampp\\htdocs...')
#10 {main}
CRITICAL - 2021-12-05 23:18:41 --> Undefined variable: judul
#0 C:\xampp\htdocs\project1\app\Views\template\layout.php(5): CodeIgniter\Debug\Exceptions->errorHandler(8, 'Undefined varia...', 'C:\\xampp\\htdocs...', 5, Array)
#1 C:\xampp\htdocs\project1\system\View\View.php(214): include('C:\\xampp\\htdocs...')
#2 C:\xampp\htdocs\project1\system\View\View.php(217): CodeIgniter\View\View->CodeIgniter\View\{closure}()
#3 C:\xampp\htdocs\project1\system\View\View.php(230): CodeIgniter\View\View->render('template/layout', Array, true)
#4 C:\xampp\htdocs\project1\system\Common.php(1097): CodeIgniter\View\View->render('biodata', Array, true)
#5 C:\xampp\htdocs\project1\app\Controllers\Dashboard.php(50): view('biodata', Array)
#6 C:\xampp\htdocs\project1\system\CodeIgniter.php(824): App\Controllers\Dashboard->biodata()
#7 C:\xampp\htdocs\project1\system\CodeIgniter.php(410): CodeIgniter\CodeIgniter->runController(Object(App\Controllers\Dashboard))
#8 C:\xampp\htdocs\project1\system\CodeIgniter.php(318): CodeIgniter\CodeIgniter->handleRequest(NULL, Object(Config\Cache), false)
#9 C:\xampp\htdocs\project1\public\index.php(37): CodeIgniter\CodeIgniter->run()
#10 C:\xampp\htdocs\project1\system\Commands\Server\rewrite.php(43): require_once('C:\\xampp\\htdocs...')
#11 {main}
CRITICAL - 2021-12-05 23:19:13 --> Undefined variable: judul
#0 C:\xampp\htdocs\project1\app\Views\template\layout.php(5): CodeIgniter\Debug\Exceptions->errorHandler(8, 'Undefined varia...', 'C:\\xampp\\htdocs...', 5, Array)
#1 C:\xampp\htdocs\project1\system\View\View.php(214): include('C:\\xampp\\htdocs...')
#2 C:\xampp\htdocs\project1\system\View\View.php(217): CodeIgniter\View\View->CodeIgniter\View\{closure}()
#3 C:\xampp\htdocs\project1\system\View\View.php(230): CodeIgniter\View\View->render('template/layout', Array, true)
#4 C:\xampp\htdocs\project1\system\Common.php(1097): CodeIgniter\View\View->render('biodata', Array, true)
#5 C:\xampp\htdocs\project1\app\Controllers\Dashboard.php(50): view('biodata', Array)
#6 C:\xampp\htdocs\project1\system\CodeIgniter.php(824): App\Controllers\Dashboard->biodata()
#7 C:\xampp\htdocs\project1\system\CodeIgniter.php(410): CodeIgniter\CodeIgniter->runController(Object(App\Controllers\Dashboard))
#8 C:\xampp\htdocs\project1\system\CodeIgniter.php(318): CodeIgniter\CodeIgniter->handleRequest(NULL, Object(Config\Cache), false)
#9 C:\xampp\htdocs\project1\public\index.php(37): CodeIgniter\CodeIgniter->run()
#10 C:\xampp\htdocs\project1\system\Commands\Server\rewrite.php(43): require_once('C:\\xampp\\htdocs...')
#11 {main}
CRITICAL - 2021-12-05 23:19:22 --> Undefined variable: judul
#0 C:\xampp\htdocs\project1\app\Views\template\layout.php(5): CodeIgniter\Debug\Exceptions->errorHandler(8, 'Undefined varia...', 'C:\\xampp\\htdocs...', 5, Array)
#1 C:\xampp\htdocs\project1\system\View\View.php(214): include('C:\\xampp\\htdocs...')
#2 C:\xampp\htdocs\project1\system\View\View.php(217): CodeIgniter\View\View->CodeIgniter\View\{closure}()
#3 C:\xampp\htdocs\project1\system\View\View.php(230): CodeIgniter\View\View->render('template/layout', Array, true)
#4 C:\xampp\htdocs\project1\system\Common.php(1097): CodeIgniter\View\View->render('biodata', Array, true)
#5 C:\xampp\htdocs\project1\app\Controllers\Dashboard.php(50): view('biodata', Array)
#6 C:\xampp\htdocs\project1\system\CodeIgniter.php(824): App\Controllers\Dashboard->biodata()
#7 C:\xampp\htdocs\project1\system\CodeIgniter.php(410): CodeIgniter\CodeIgniter->runController(Object(App\Controllers\Dashboard))
#8 C:\xampp\htdocs\project1\system\CodeIgniter.php(318): CodeIgniter\CodeIgniter->handleRequest(NULL, Object(Config\Cache), false)
#9 C:\xampp\htdocs\project1\public\index.php(37): CodeIgniter\CodeIgniter->run()
#10 C:\xampp\htdocs\project1\system\Commands\Server\rewrite.php(43): require_once('C:\\xampp\\htdocs...')
#11 {main}
CRITICAL - 2021-12-05 23:20:34 --> Undefined variable: judul
#0 C:\xampp\htdocs\project1\app\Views\template\layout.php(5): CodeIgniter\Debug\Exceptions->errorHandler(8, 'Undefined varia...', 'C:\\xampp\\htdocs...', 5, Array)
#1 C:\xampp\htdocs\project1\system\View\View.php(214): include('C:\\xampp\\htdocs...')
#2 C:\xampp\htdocs\project1\system\View\View.php(217): CodeIgniter\View\View->CodeIgniter\View\{closure}()
#3 C:\xampp\htdocs\project1\system\View\View.php(230): CodeIgniter\View\View->render('template/layout', Array, true)
#4 C:\xampp\htdocs\project1\system\Common.php(1097): CodeIgniter\View\View->render('biodata', Array, true)
#5 C:\xampp\htdocs\project1\app\Controllers\Dashboard.php(50): view('biodata', Array)
#6 C:\xampp\htdocs\project1\system\CodeIgniter.php(824): App\Controllers\Dashboard->biodata()
#7 C:\xampp\htdocs\project1\system\CodeIgniter.php(410): CodeIgniter\CodeIgniter->runController(Object(App\Controllers\Dashboard))
#8 C:\xampp\htdocs\project1\system\CodeIgniter.php(318): CodeIgniter\CodeIgniter->handleRequest(NULL, Object(Config\Cache), false)
#9 C:\xampp\htdocs\project1\public\index.php(37): CodeIgniter\CodeIgniter->run()
#10 C:\xampp\htdocs\project1\system\Commands\Server\rewrite.php(43): require_once('C:\\xampp\\htdocs...')
#11 {main}
CRITICAL - 2021-12-05 23:21:01 --> Undefined variable: judul
#0 C:\xampp\htdocs\project1\app\Views\biodata.php(8): CodeIgniter\Debug\Exceptions->errorHandler(8, 'Undefined varia...', 'C:\\xampp\\htdocs...', 8, Array)
#1 C:\xampp\htdocs\project1\system\View\View.php(214): include('C:\\xampp\\htdocs...')
#2 C:\xampp\htdocs\project1\system\View\View.php(217): CodeIgniter\View\View->CodeIgniter\View\{closure}()
#3 C:\xampp\htdocs\project1\system\Common.php(1097): CodeIgniter\View\View->render('biodata', Array, true)
#4 C:\xampp\htdocs\project1\app\Controllers\Dashboard.php(50): view('biodata', Array)
#5 C:\xampp\htdocs\project1\system\CodeIgniter.php(824): App\Controllers\Dashboard->biodata()
#6 C:\xampp\htdocs\project1\system\CodeIgniter.php(410): CodeIgniter\CodeIgniter->runController(Object(App\Controllers\Dashboard))
#7 C:\xampp\htdocs\project1\system\CodeIgniter.php(318): CodeIgniter\CodeIgniter->handleRequest(NULL, Object(Config\Cache), false)
#8 C:\xampp\htdocs\project1\public\index.php(37): CodeIgniter\CodeIgniter->run()
#9 C:\xampp\htdocs\project1\system\Commands\Server\rewrite.php(43): require_once('C:\\xampp\\htdocs...')
#10 {main}
CRITICAL - 2021-12-05 23:21:17 --> Undefined variable: judul
#0 C:\xampp\htdocs\project1\app\Views\biodata.php(8): CodeIgniter\Debug\Exceptions->errorHandler(8, 'Undefined varia...', 'C:\\xampp\\htdocs...', 8, Array)
#1 C:\xampp\htdocs\project1\system\View\View.php(214): include('C:\\xampp\\htdocs...')
#2 C:\xampp\htdocs\project1\system\View\View.php(217): CodeIgniter\View\View->CodeIgniter\View\{closure}()
#3 C:\xampp\htdocs\project1\system\Common.php(1097): CodeIgniter\View\View->render('biodata', Array, true)
#4 C:\xampp\htdocs\project1\app\Controllers\Dashboard.php(50): view('biodata', Array)
#5 C:\xampp\htdocs\project1\system\CodeIgniter.php(824): App\Controllers\Dashboard->biodata()
#6 C:\xampp\htdocs\project1\system\CodeIgniter.php(410): CodeIgniter\CodeIgniter->runController(Object(App\Controllers\Dashboard))
#7 C:\xampp\htdocs\project1\system\CodeIgniter.php(318): CodeIgniter\CodeIgniter->handleRequest(NULL, Object(Config\Cache), false)
#8 C:\xampp\htdocs\project1\public\index.php(37): CodeIgniter\CodeIgniter->run()
#9 C:\xampp\htdocs\project1\system\Commands\Server\rewrite.php(43): require_once('C:\\xampp\\htdocs...')
#10 {main}
CRITICAL - 2021-12-05 23:21:28 --> Undefined variable: judul
#0 C:\xampp\htdocs\project1\app\Views\biodata.php(8): CodeIgniter\Debug\Exceptions->errorHandler(8, 'Undefined varia...', 'C:\\xampp\\htdocs...', 8, Array)
#1 C:\xampp\htdocs\project1\system\View\View.php(214): include('C:\\xampp\\htdocs...')
#2 C:\xampp\htdocs\project1\system\View\View.php(217): CodeIgniter\View\View->CodeIgniter\View\{closure}()
#3 C:\xampp\htdocs\project1\system\Common.php(1097): CodeIgniter\View\View->render('biodata', Array, true)
#4 C:\xampp\htdocs\project1\app\Controllers\Dashboard.php(50): view('biodata', Array)
#5 C:\xampp\htdocs\project1\system\CodeIgniter.php(824): App\Controllers\Dashboard->biodata()
#6 C:\xampp\htdocs\project1\system\CodeIgniter.php(410): CodeIgniter\CodeIgniter->runController(Object(App\Controllers\Dashboard))
#7 C:\xampp\htdocs\project1\system\CodeIgniter.php(318): CodeIgniter\CodeIgniter->handleRequest(NULL, Object(Config\Cache), false)
#8 C:\xampp\htdocs\project1\public\index.php(37): CodeIgniter\CodeIgniter->run()
#9 C:\xampp\htdocs\project1\system\Commands\Server\rewrite.php(43): require_once('C:\\xampp\\htdocs...')
#10 {main}
CRITICAL - 2021-12-05 23:21:48 --> Undefined variable: judul
#0 C:\xampp\htdocs\project1\app\Views\biodata.php(11): CodeIgniter\Debug\Exceptions->errorHandler(8, 'Undefined varia...', 'C:\\xampp\\htdocs...', 11, Array)
#1 C:\xampp\htdocs\project1\system\View\View.php(214): include('C:\\xampp\\htdocs...')
#2 C:\xampp\htdocs\project1\system\View\View.php(217): CodeIgniter\View\View->CodeIgniter\View\{closure}()
#3 C:\xampp\htdocs\project1\system\Common.php(1097): CodeIgniter\View\View->render('biodata', Array, true)
#4 C:\xampp\htdocs\project1\app\Controllers\Dashboard.php(50): view('biodata', Array)
#5 C:\xampp\htdocs\project1\system\CodeIgniter.php(824): App\Controllers\Dashboard->biodata()
#6 C:\xampp\htdocs\project1\system\CodeIgniter.php(410): CodeIgniter\CodeIgniter->runController(Object(App\Controllers\Dashboard))
#7 C:\xampp\htdocs\project1\system\CodeIgniter.php(318): CodeIgniter\CodeIgniter->handleRequest(NULL, Object(Config\Cache), false)
#8 C:\xampp\htdocs\project1\public\index.php(37): CodeIgniter\CodeIgniter->run()
#9 C:\xampp\htdocs\project1\system\Commands\Server\rewrite.php(43): require_once('C:\\xampp\\htdocs...')
#10 {main}
CRITICAL - 2021-12-05 23:22:08 --> Undefined variable: judul
#0 C:\xampp\htdocs\project1\app\Views\template\layout.php(5): CodeIgniter\Debug\Exceptions->errorHandler(8, 'Undefined varia...', 'C:\\xampp\\htdocs...', 5, Array)
#1 C:\xampp\htdocs\project1\system\View\View.php(214): include('C:\\xampp\\htdocs...')
#2 C:\xampp\htdocs\project1\system\View\View.php(217): CodeIgniter\View\View->CodeIgniter\View\{closure}()
#3 C:\xampp\htdocs\project1\system\View\View.php(230): CodeIgniter\View\View->render('template/layout', Array, true)
#4 C:\xampp\htdocs\project1\system\Common.php(1097): CodeIgniter\View\View->render('biodata', Array, true)
#5 C:\xampp\htdocs\project1\app\Controllers\Dashboard.php(50): view('biodata', Array)
#6 C:\xampp\htdocs\project1\system\CodeIgniter.php(824): App\Controllers\Dashboard->biodata()
#7 C:\xampp\htdocs\project1\system\CodeIgniter.php(410): CodeIgniter\CodeIgniter->runController(Object(App\Controllers\Dashboard))
#8 C:\xampp\htdocs\project1\system\CodeIgniter.php(318): CodeIgniter\CodeIgniter->handleRequest(NULL, Object(Config\Cache), false)
#9 C:\xampp\htdocs\project1\public\index.php(37): CodeIgniter\CodeIgniter->run()
#10 C:\xampp\htdocs\project1\system\Commands\Server\rewrite.php(43): require_once('C:\\xampp\\htdocs...')
#11 {main}
